{"/home/sebasti-n/PROYEC_EXPO/src/refactor.js": {"path":"/home/sebasti-n/PROYEC_EXPO/src/refactor.js","statementMap":{"0":{"start":{"line":2,"column":16},"end":{"line":16,"column":4}},"1":{"start":{"line":3,"column":24},"end":{"line":8,"column":5}},"2":{"start":{"line":4,"column":8},"end":{"line":6,"column":110}},"3":{"start":{"line":5,"column":69},"end":{"line":5,"column":85}},"4":{"start":{"line":6,"column":30},"end":{"line":6,"column":107}},"5":{"start":{"line":6,"column":47},"end":{"line":6,"column":107}},"6":{"start":{"line":6,"column":95},"end":{"line":6,"column":107}},"7":{"start":{"line":7,"column":8},"end":{"line":7,"column":35}},"8":{"start":{"line":9,"column":4},"end":{"line":15,"column":6}},"9":{"start":{"line":10,"column":8},"end":{"line":11,"column":102}},"10":{"start":{"line":11,"column":12},"end":{"line":11,"column":102}},"11":{"start":{"line":12,"column":8},"end":{"line":12,"column":28}},"12":{"start":{"line":13,"column":24},"end":{"line":13,"column":45}},"13":{"start":{"line":14,"column":8},"end":{"line":14,"column":93}},"14":{"start":{"line":17,"column":0},"end":{"line":17,"column":62}},"15":{"start":{"line":18,"column":0},"end":{"line":18,"column":92}},"16":{"start":{"line":20,"column":28},"end":{"line":34,"column":3}},"17":{"start":{"line":22,"column":8},"end":{"line":22,"column":33}},"18":{"start":{"line":25,"column":4},"end":{"line":32,"column":6}},"19":{"start":{"line":26,"column":8},"end":{"line":31,"column":9}},"20":{"start":{"line":27,"column":12},"end":{"line":27,"column":77}},"21":{"start":{"line":30,"column":12},"end":{"line":30,"column":80}},"22":{"start":{"line":33,"column":4},"end":{"line":33,"column":18}},"23":{"start":{"line":35,"column":0},"end":{"line":35,"column":24}},"24":{"start":{"line":37,"column":36},"end":{"line":44,"column":3}},"25":{"start":{"line":40,"column":4},"end":{"line":42,"column":6}},"26":{"start":{"line":41,"column":8},"end":{"line":41,"column":89}},"27":{"start":{"line":43,"column":4},"end":{"line":43,"column":26}},"28":{"start":{"line":45,"column":0},"end":{"line":45,"column":40}},"29":{"start":{"line":47,"column":29},"end":{"line":59,"column":3}},"30":{"start":{"line":49,"column":8},"end":{"line":49,"column":21}},"31":{"start":{"line":50,"column":8},"end":{"line":50,"column":29}},"32":{"start":{"line":51,"column":8},"end":{"line":51,"column":29}},"33":{"start":{"line":52,"column":8},"end":{"line":52,"column":23}},"34":{"start":{"line":55,"column":4},"end":{"line":57,"column":6}},"35":{"start":{"line":56,"column":8},"end":{"line":56,"column":115}},"36":{"start":{"line":58,"column":4},"end":{"line":58,"column":19}},"37":{"start":{"line":60,"column":0},"end":{"line":60,"column":26}},"38":{"start":{"line":62,"column":36},"end":{"line":79,"column":10}},"39":{"start":{"line":63,"column":4},"end":{"line":63,"column":38}},"40":{"start":{"line":65,"column":20},"end":{"line":65,"column":70}},"41":{"start":{"line":66,"column":8},"end":{"line":66,"column":44}},"42":{"start":{"line":67,"column":8},"end":{"line":67,"column":21}},"43":{"start":{"line":70,"column":4},"end":{"line":73,"column":6}},"44":{"start":{"line":71,"column":8},"end":{"line":71,"column":55}},"45":{"start":{"line":72,"column":8},"end":{"line":72,"column":70}},"46":{"start":{"line":75,"column":4},"end":{"line":77,"column":6}},"47":{"start":{"line":76,"column":8},"end":{"line":76,"column":100}},"48":{"start":{"line":78,"column":4},"end":{"line":78,"column":26}},"49":{"start":{"line":80,"column":0},"end":{"line":80,"column":40}},"50":{"start":{"line":83,"column":14},"end":{"line":83,"column":29}},"51":{"start":{"line":84,"column":0},"end":{"line":84,"column":24}},"52":{"start":{"line":86,"column":14},"end":{"line":86,"column":69}},"53":{"start":{"line":87,"column":0},"end":{"line":87,"column":29}},"54":{"start":{"line":89,"column":21},"end":{"line":89,"column":92}},"55":{"start":{"line":90,"column":0},"end":{"line":90,"column":36}},"56":{"start":{"line":91,"column":0},"end":{"line":91,"column":31}},"57":{"start":{"line":93,"column":21},"end":{"line":93,"column":41}},"58":{"start":{"line":94,"column":0},"end":{"line":94,"column":96}}},"fnMap":{"0":{"name":"(anonymous_0)","decl":{"start":{"line":2,"column":45},"end":{"line":2,"column":46}},"loc":{"start":{"line":2,"column":57},"end":{"line":16,"column":1}},"line":2},"1":{"name":"(anonymous_1)","decl":{"start":{"line":3,"column":24},"end":{"line":3,"column":25}},"loc":{"start":{"line":3,"column":40},"end":{"line":8,"column":5}},"line":3},"2":{"name":"(anonymous_2)","decl":{"start":{"line":5,"column":51},"end":{"line":5,"column":52}},"loc":{"start":{"line":5,"column":67},"end":{"line":5,"column":87}},"line":5},"3":{"name":"(anonymous_3)","decl":{"start":{"line":6,"column":12},"end":{"line":6,"column":13}},"loc":{"start":{"line":6,"column":28},"end":{"line":6,"column":109}},"line":6},"4":{"name":"(anonymous_4)","decl":{"start":{"line":9,"column":11},"end":{"line":9,"column":12}},"loc":{"start":{"line":9,"column":27},"end":{"line":15,"column":5}},"line":9},"5":{"name":"__","decl":{"start":{"line":13,"column":17},"end":{"line":13,"column":19}},"loc":{"start":{"line":13,"column":22},"end":{"line":13,"column":47}},"line":13},"6":{"name":"(anonymous_6)","decl":{"start":{"line":20,"column":28},"end":{"line":20,"column":29}},"loc":{"start":{"line":20,"column":40},"end":{"line":34,"column":1}},"line":20},"7":{"name":"Pedido","decl":{"start":{"line":21,"column":13},"end":{"line":21,"column":19}},"loc":{"start":{"line":21,"column":30},"end":{"line":23,"column":5}},"line":21},"8":{"name":"(anonymous_8)","decl":{"start":{"line":25,"column":37},"end":{"line":25,"column":38}},"loc":{"start":{"line":25,"column":49},"end":{"line":32,"column":5}},"line":25},"9":{"name":"(anonymous_9)","decl":{"start":{"line":37,"column":36},"end":{"line":37,"column":37}},"loc":{"start":{"line":37,"column":48},"end":{"line":44,"column":1}},"line":37},"10":{"name":"ServicioCorreo","decl":{"start":{"line":38,"column":13},"end":{"line":38,"column":27}},"loc":{"start":{"line":38,"column":30},"end":{"line":39,"column":5}},"line":38},"11":{"name":"(anonymous_11)","decl":{"start":{"line":40,"column":44},"end":{"line":40,"column":45}},"loc":{"start":{"line":40,"column":79},"end":{"line":42,"column":5}},"line":40},"12":{"name":"(anonymous_12)","decl":{"start":{"line":47,"column":29},"end":{"line":47,"column":30}},"loc":{"start":{"line":47,"column":41},"end":{"line":59,"column":1}},"line":47},"13":{"name":"Usuario","decl":{"start":{"line":48,"column":13},"end":{"line":48,"column":20}},"loc":{"start":{"line":48,"column":46},"end":{"line":53,"column":5}},"line":48},"14":{"name":"(anonymous_14)","decl":{"start":{"line":55,"column":43},"end":{"line":55,"column":44}},"loc":{"start":{"line":55,"column":55},"end":{"line":57,"column":5}},"line":55},"15":{"name":"(anonymous_15)","decl":{"start":{"line":62,"column":36},"end":{"line":62,"column":37}},"loc":{"start":{"line":62,"column":54},"end":{"line":79,"column":1}},"line":62},"16":{"name":"UsuarioPremium","decl":{"start":{"line":64,"column":13},"end":{"line":64,"column":27}},"loc":{"start":{"line":64,"column":68},"end":{"line":68,"column":5}},"line":64},"17":{"name":"(anonymous_17)","decl":{"start":{"line":70,"column":50},"end":{"line":70,"column":51}},"loc":{"start":{"line":70,"column":62},"end":{"line":73,"column":5}},"line":70},"18":{"name":"(anonymous_18)","decl":{"start":{"line":75,"column":45},"end":{"line":75,"column":46}},"loc":{"start":{"line":75,"column":57},"end":{"line":77,"column":5}},"line":75}},"branchMap":{"0":{"loc":{"start":{"line":2,"column":16},"end":{"line":16,"column":4}},"type":"binary-expr","locations":[{"start":{"line":2,"column":17},"end":{"line":2,"column":21}},{"start":{"line":2,"column":25},"end":{"line":2,"column":39}},{"start":{"line":2,"column":44},"end":{"line":16,"column":4}}],"line":2},"1":{"loc":{"start":{"line":4,"column":24},"end":{"line":6,"column":109}},"type":"binary-expr","locations":[{"start":{"line":4,"column":24},"end":{"line":4,"column":45}},{"start":{"line":5,"column":13},"end":{"line":5,"column":47}},{"start":{"line":5,"column":51},"end":{"line":5,"column":87}},{"start":{"line":6,"column":12},"end":{"line":6,"column":109}}],"line":4},"2":{"loc":{"start":{"line":6,"column":47},"end":{"line":6,"column":107}},"type":"if","locations":[{"start":{"line":6,"column":47},"end":{"line":6,"column":107}},{"start":{},"end":{}}],"line":6},"3":{"loc":{"start":{"line":10,"column":8},"end":{"line":11,"column":102}},"type":"if","locations":[{"start":{"line":10,"column":8},"end":{"line":11,"column":102}},{"start":{},"end":{}}],"line":10},"4":{"loc":{"start":{"line":10,"column":12},"end":{"line":10,"column":49}},"type":"binary-expr","locations":[{"start":{"line":10,"column":12},"end":{"line":10,"column":35}},{"start":{"line":10,"column":39},"end":{"line":10,"column":49}}],"line":10},"5":{"loc":{"start":{"line":14,"column":22},"end":{"line":14,"column":92}},"type":"cond-expr","locations":[{"start":{"line":14,"column":35},"end":{"line":14,"column":51}},{"start":{"line":14,"column":55},"end":{"line":14,"column":91}}],"line":14},"6":{"loc":{"start":{"line":26,"column":8},"end":{"line":31,"column":9}},"type":"if","locations":[{"start":{"line":26,"column":8},"end":{"line":31,"column":9}},{"start":{"line":29,"column":13},"end":{"line":31,"column":9}}],"line":26},"7":{"loc":{"start":{"line":65,"column":20},"end":{"line":65,"column":70}},"type":"binary-expr","locations":[{"start":{"line":65,"column":20},"end":{"line":65,"column":62}},{"start":{"line":65,"column":66},"end":{"line":65,"column":70}}],"line":65}},"s":{"0":1,"1":1,"2":1,"3":0,"4":0,"5":0,"6":0,"7":1,"8":1,"9":1,"10":0,"11":1,"12":1,"13":1,"14":1,"15":1,"16":1,"17":2,"18":1,"19":2,"20":2,"21":0,"22":1,"23":1,"24":1,"25":1,"26":1,"27":1,"28":1,"29":1,"30":4,"31":4,"32":4,"33":4,"34":1,"35":4,"36":1,"37":1,"38":1,"39":1,"40":2,"41":2,"42":2,"43":1,"44":2,"45":2,"46":1,"47":2,"48":1,"49":1,"50":1,"51":1,"52":1,"53":1,"54":1,"55":1,"56":1,"57":1,"58":1},"f":{"0":1,"1":1,"2":0,"3":0,"4":1,"5":1,"6":1,"7":2,"8":2,"9":1,"10":1,"11":1,"12":1,"13":4,"14":4,"15":1,"16":2,"17":2,"18":2},"b":{"0":[1,1,1],"1":[1,0,0,0],"2":[0,0],"3":[0,1],"4":[1,0],"5":[0,1],"6":[2,0],"7":[2,2]},"inputSourceMap":null,"_coverageSchema":"1a1c01bbd47fc00a2c39e90264f33305004495a9","hash":"49b7b56f80631b5ad31e0a3bcaddda379706449a"}
}
