TN:
SF:src/refactor.js
FN:2,(anonymous_0)
FN:3,(anonymous_1)
FN:5,(anonymous_2)
FN:6,(anonymous_3)
FN:9,(anonymous_4)
FN:13,__
FN:20,(anonymous_6)
FN:21,Pedido
FN:25,(anonymous_8)
FN:37,(anonymous_9)
FN:38,ServicioCorreo
FN:40,(anonymous_11)
FN:47,(anonymous_12)
FN:48,Usuario
FN:55,(anonymous_14)
FN:62,(anonymous_15)
FN:64,UsuarioPremium
FN:70,(anonymous_17)
FN:75,(anonymous_18)
FNF:19
FNH:17
FNDA:1,(anonymous_0)
FNDA:1,(anonymous_1)
FNDA:0,(anonymous_2)
FNDA:0,(anonymous_3)
FNDA:1,(anonymous_4)
FNDA:1,__
FNDA:1,(anonymous_6)
FNDA:2,Pedido
FNDA:2,(anonymous_8)
FNDA:1,(anonymous_9)
FNDA:1,ServicioCorreo
FNDA:1,(anonymous_11)
FNDA:1,(anonymous_12)
FNDA:4,Usuario
FNDA:4,(anonymous_14)
FNDA:1,(anonymous_15)
FNDA:2,UsuarioPremium
FNDA:2,(anonymous_17)
FNDA:2,(anonymous_18)
DA:2,1
DA:3,1
DA:4,1
DA:5,0
DA:6,0
DA:7,1
DA:9,1
DA:10,1
DA:11,0
DA:12,1
DA:13,1
DA:14,1
DA:17,1
DA:18,1
DA:20,1
DA:22,2
DA:25,1
DA:26,2
DA:27,2
DA:30,0
DA:33,1
DA:35,1
DA:37,1
DA:40,1
DA:41,1
DA:43,1
DA:45,1
DA:47,1
DA:49,4
DA:50,4
DA:51,4
DA:52,4
DA:55,1
DA:56,4
DA:58,1
DA:60,1
DA:62,1
DA:63,1
DA:65,2
DA:66,2
DA:67,2
DA:70,1
DA:71,2
DA:72,2
DA:75,1
DA:76,2
DA:78,1
DA:80,1
DA:83,1
DA:84,1
DA:86,1
DA:87,1
DA:89,1
DA:90,1
DA:91,1
DA:93,1
DA:94,1
LF:57
LH:53
BRDA:2,0,0,1
BRDA:2,0,1,1
BRDA:2,0,2,1
BRDA:4,1,0,1
BRDA:4,1,1,0
BRDA:4,1,2,0
BRDA:4,1,3,0
BRDA:6,2,0,0
BRDA:6,2,1,0
BRDA:10,3,0,0
BRDA:10,3,1,1
BRDA:10,4,0,1
BRDA:10,4,1,0
BRDA:14,5,0,0
BRDA:14,5,1,1
BRDA:26,6,0,2
BRDA:26,6,1,0
BRDA:65,7,0,2
BRDA:65,7,1,2
BRF:19
BRH:10
end_of_record
